<?xml version="1.0" encoding="UTF-8"?>
<testng-results ignored="0" total="1" passed="1" failed="0" skipped="0">
  <reporter-output>
  </reporter-output>
  <suite started-at="2025-07-09T19:24:29 IST" name="Default suite" finished-at="2025-07-09T19:25:24 IST" duration-ms="55050">
    <groups>
    </groups>
    <test started-at="2025-07-09T19:24:29 IST" name="Default test" finished-at="2025-07-09T19:25:24 IST" duration-ms="55050">
      <class name="campaigns.CreateCamp1">
        <test-method is-config="true" signature="Beforesuite()[pri:0, instance:campaigns.CreateCamp1@61322f9d]" started-at="2025-07-09T19:24:29 IST" name="Beforesuite" finished-at="2025-07-09T19:24:29 IST" duration-ms="14" status="PASS">
          <reporter-output>
          </reporter-output>
        </test-method> <!-- Beforesuite -->
        <test-method is-config="true" signature="Beforetest()[pri:0, instance:campaigns.CreateCamp1@61322f9d]" started-at="2025-07-09T19:24:30 IST" name="Beforetest" finished-at="2025-07-09T19:24:30 IST" duration-ms="1" status="PASS">
          <reporter-output>
          </reporter-output>
        </test-method> <!-- Beforetest -->
        <test-method is-config="true" signature="Beforeclass()[pri:0, instance:campaigns.CreateCamp1@61322f9d]" started-at="2025-07-09T19:24:30 IST" name="Beforeclass" finished-at="2025-07-09T19:24:30 IST" duration-ms="0" status="PASS">
          <reporter-output>
          </reporter-output>
        </test-method> <!-- Beforeclass -->
        <test-method is-config="true" signature="BT()[pri:0, instance:campaigns.CreateCamp1@61322f9d]" started-at="2025-07-09T19:24:30 IST" name="BT" finished-at="2025-07-09T19:24:40 IST" duration-ms="10369" status="PASS">
          <reporter-output>
          </reporter-output>
        </test-method> <!-- BT -->
        <test-method signature="createCampaign()[pri:0, instance:campaigns.CreateCamp1@61322f9d]" started-at="2025-07-09T19:24:40 IST" name="createCampaign" finished-at="2025-07-09T19:25:24 IST" duration-ms="44199" status="PASS">
          <reporter-output>
          </reporter-output>
        </test-method> <!-- createCampaign -->
        <test-method is-config="true" signature="AM()[pri:0, instance:campaigns.CreateCamp1@61322f9d]" started-at="2025-07-09T19:25:24 IST" name="AM" finished-at="2025-07-09T19:25:24 IST" duration-ms="3" status="PASS">
          <reporter-output>
          </reporter-output>
        </test-method> <!-- AM -->
        <test-method is-config="true" signature="AC()[pri:0, instance:campaigns.CreateCamp1@61322f9d]" started-at="2025-07-09T19:25:24 IST" name="AC" finished-at="2025-07-09T19:25:24 IST" duration-ms="2" status="PASS">
          <reporter-output>
          </reporter-output>
        </test-method> <!-- AC -->
        <test-method is-config="true" signature="AT()[pri:0, instance:campaigns.CreateCamp1@61322f9d]" started-at="2025-07-09T19:25:24 IST" name="AT" finished-at="2025-07-09T19:25:24 IST" duration-ms="1" status="PASS">
          <reporter-output>
          </reporter-output>
        </test-method> <!-- AT -->
        <test-method is-config="true" signature="AS()[pri:0, instance:campaigns.CreateCamp1@61322f9d]" started-at="2025-07-09T19:25:25 IST" name="AS" finished-at="2025-07-09T19:25:25 IST" duration-ms="1" status="PASS">
          <reporter-output>
          </reporter-output>
        </test-method> <!-- AS -->
      </class> <!-- campaigns.CreateCamp1 -->
    </test> <!-- Default test -->
  </suite> <!-- Default suite -->
</testng-results>
